# JRE version: Java(TM) SE Runtime Environment (9.0+11) (build 9.0.4+11)
# Java VM: Java HotSpot(TM) 64-Bit Server VM (9.0.4+11, mixed mode, tiered, compressed oops, g1 gc, windows-amd64)
Heap:
 garbage-first heap   total 295936K, used 97462K [0x0000000700000000, 0x0000000700100908, 0x00000007c0000000)
  region size 1024K, 9 young (9216K), 2 survivors (2048K)
 Metaspace       used 86570K, capacity 93292K, committed 93488K, reserved 1130496K
  class space    used 11865K, capacity 13042K, committed 13104K, reserved 1048576K
GC Heap History (10 events):
Event: 1582.288 GC heap before
{Heap before GC invocations=234 (full 59):
 garbage-first heap   total 295936K, used 150707K [0x0000000700000000, 0x0000000700100908, 0x00000007c0000000)
  region size 1024K, 60 young (61440K), 2 survivors (2048K)
 Metaspace       used 86530K, capacity 93292K, committed 93488K, reserved 1130496K
  class space    used 11865K, capacity 13042K, committed 13104K, reserved 1048576K
}
Event: 1582.299 GC heap after
{Heap after GC invocations=235 (full 59):
 garbage-first heap   total 295936K, used 91709K [0x0000000700000000, 0x0000000700100908, 0x00000007c0000000)
  region size 1024K, 3 young (3072K), 3 survivors (3072K)
 Metaspace       used 86530K, capacity 93292K, committed 93488K, reserved 1130496K
  class space    used 11865K, capacity 13042K, committed 13104K, reserved 1048576K
}
Event: 1582.864 GC heap before
{Heap before GC invocations=235 (full 59):
 garbage-first heap   total 295936K, used 150077K [0x0000000700000000, 0x0000000700100908, 0x00000007c0000000)
  region size 1024K, 60 young (61440K), 3 survivors (3072K)
 Metaspace       used 86530K, capacity 93292K, committed 93488K, reserved 1130496K
  class space    used 11865K, capacity 13042K, committed 13104K, reserved 1048576K
}
Event: 1582.871 GC heap after
{Heap after GC invocations=236 (full 59):
 garbage-first heap   total 295936K, used 91251K [0x0000000700000000, 0x0000000700100908, 0x00000007c0000000)
  region size 1024K, 2 young (2048K), 2 survivors (2048K)
 Metaspace       used 86530K, capacity 93292K, committed 93488K, reserved 1130496K
  class space    used 11865K, capacity 13042K, committed 13104K, reserved 1048576K
}
Event: 1585.378 GC heap before
{Heap before GC invocations=236 (full 59):
 garbage-first heap   total 295936K, used 150643K [0x0000000700000000, 0x0000000700100908, 0x00000007c0000000)
  region size 1024K, 60 young (61440K), 2 survivors (2048K)
 Metaspace       used 86565K, capacity 93292K, committed 93488K, reserved 1130496K
  class space    used 11865K, capacity 13042K, committed 13104K, reserved 1048576K
}
Event: 1585.385 GC heap after
{Heap after GC invocations=237 (full 59):
 garbage-first heap   total 295936K, used 91343K [0x0000000700000000, 0x0000000700100908, 0x00000007c0000000)
  region size 1024K, 2 young (2048K), 2 survivors (2048K)
 Metaspace       used 86565K, capacity 93292K, committed 93488K, reserved 1130496K
  class space    used 11865K, capacity 13042K, committed 13104K, reserved 1048576K
}
Event: 1585.724 GC heap before
{Heap before GC invocations=237 (full 59):
 garbage-first heap   total 295936K, used 150735K [0x0000000700000000, 0x0000000700100908, 0x00000007c0000000)
  region size 1024K, 60 young (61440K), 2 survivors (2048K)
 Metaspace       used 86568K, capacity 93292K, committed 93488K, reserved 1130496K
  class space    used 11865K, capacity 13042K, committed 13104K, reserved 1048576K
}
Event: 1585.737 GC heap after
{Heap after GC invocations=238 (full 59):
 garbage-first heap   total 295936K, used 91341K [0x0000000700000000, 0x0000000700100908, 0x00000007c0000000)
  region size 1024K, 2 young (2048K), 2 survivors (2048K)
 Metaspace       used 86568K, capacity 93292K, committed 93488K, reserved 1130496K
  class space    used 11865K, capacity 13042K, committed 13104K, reserved 1048576K
}
Event: 1588.950 GC heap before
{Heap before GC invocations=238 (full 59):
 garbage-first heap   total 295936K, used 150733K [0x0000000700000000, 0x0000000700100908, 0x00000007c0000000)
  region size 1024K, 60 young (61440K), 2 survivors (2048K)
 Metaspace       used 86570K, capacity 93292K, committed 93488K, reserved 1130496K
  class space    used 11865K, capacity 13042K, committed 13104K, reserved 1048576K
}
Event: 1588.958 GC heap after
{Heap after GC invocations=239 (full 59):
 garbage-first heap   total 295936K, used 91318K [0x0000000700000000, 0x0000000700100908, 0x00000007c0000000)
  region size 1024K, 2 young (2048K), 2 survivors (2048K)
 Metaspace       used 86570K, capacity 93292K, committed 93488K, reserved 1130496K
  class space    used 11865K, capacity 13042K, committed 13104K, reserved 1048576K
}

