# JRE version: Java(TM) SE Runtime Environment (9.0+11) (build 9.0.4+11)
# Java VM: Java HotSpot(TM) 64-Bit Server VM (9.0.4+11, mixed mode, tiered, compressed oops, g1 gc, windows-amd64)
Heap:
 garbage-first heap   total 297984K, used 141885K [0x0000000700000000, 0x0000000700100918, 0x00000007c0000000)
  region size 1024K, 52 young (53248K), 2 survivors (2048K)
 Metaspace       used 83716K, capacity 88688K, committed 90912K, reserved 1128448K
  class space    used 11233K, capacity 12148K, committed 12620K, reserved 1048576K
GC Heap History (10 events):
Event: 4005.139 GC heap before
{Heap before GC invocations=257 (full 10):
 garbage-first heap   total 297984K, used 150526K [0x0000000700000000, 0x0000000700100918, 0x00000007c0000000)
  region size 1024K, 60 young (61440K), 2 survivors (2048K)
 Metaspace       used 83691K, capacity 88688K, committed 90912K, reserved 1128448K
  class space    used 11233K, capacity 12148K, committed 12620K, reserved 1048576K
}
Event: 4005.145 GC heap after
{Heap after GC invocations=258 (full 10):
 garbage-first heap   total 297984K, used 91249K [0x0000000700000000, 0x0000000700100918, 0x00000007c0000000)
  region size 1024K, 2 young (2048K), 2 survivors (2048K)
 Metaspace       used 83691K, capacity 88688K, committed 90912K, reserved 1128448K
  class space    used 11233K, capacity 12148K, committed 12620K, reserved 1048576K
}
Event: 4027.266 GC heap before
{Heap before GC invocations=258 (full 10):
 garbage-first heap   total 297984K, used 150641K [0x0000000700000000, 0x0000000700100918, 0x00000007c0000000)
  region size 1024K, 60 young (61440K), 2 survivors (2048K)
 Metaspace       used 83695K, capacity 88688K, committed 90912K, reserved 1128448K
  class space    used 11233K, capacity 12148K, committed 12620K, reserved 1048576K
}
Event: 4027.275 GC heap after
{Heap after GC invocations=259 (full 10):
 garbage-first heap   total 297984K, used 91685K [0x0000000700000000, 0x0000000700100918, 0x00000007c0000000)
  region size 1024K, 2 young (2048K), 2 survivors (2048K)
 Metaspace       used 83695K, capacity 88688K, committed 90912K, reserved 1128448K
  class space    used 11233K, capacity 12148K, committed 12620K, reserved 1048576K
}
Event: 4027.745 GC heap before
{Heap before GC invocations=259 (full 10):
 garbage-first heap   total 297984K, used 151077K [0x0000000700000000, 0x0000000700100918, 0x00000007c0000000)
  region size 1024K, 60 young (61440K), 2 survivors (2048K)
 Metaspace       used 83696K, capacity 88688K, committed 90912K, reserved 1128448K
  class space    used 11233K, capacity 12148K, committed 12620K, reserved 1048576K
}
Event: 4027.752 GC heap after
{Heap after GC invocations=260 (full 10):
 garbage-first heap   total 297984K, used 91292K [0x0000000700000000, 0x0000000700100918, 0x00000007c0000000)
  region size 1024K, 2 young (2048K), 2 survivors (2048K)
 Metaspace       used 83696K, capacity 88688K, committed 90912K, reserved 1128448K
  class space    used 11233K, capacity 12148K, committed 12620K, reserved 1048576K
}
Event: 4046.708 GC heap before
{Heap before GC invocations=260 (full 10):
 garbage-first heap   total 297984K, used 150684K [0x0000000700000000, 0x0000000700100918, 0x00000007c0000000)
  region size 1024K, 60 young (61440K), 2 survivors (2048K)
 Metaspace       used 83702K, capacity 88688K, committed 90912K, reserved 1128448K
  class space    used 11233K, capacity 12148K, committed 12620K, reserved 1048576K
}
Event: 4046.717 GC heap after
{Heap after GC invocations=261 (full 10):
 garbage-first heap   total 297984K, used 91271K [0x0000000700000000, 0x0000000700100918, 0x00000007c0000000)
  region size 1024K, 2 young (2048K), 2 survivors (2048K)
 Metaspace       used 83702K, capacity 88688K, committed 90912K, reserved 1128448K
  class space    used 11233K, capacity 12148K, committed 12620K, reserved 1048576K
}
Event: 4053.305 GC heap before
{Heap before GC invocations=261 (full 10):
 garbage-first heap   total 297984K, used 150663K [0x0000000700000000, 0x0000000700100918, 0x00000007c0000000)
  region size 1024K, 60 young (61440K), 2 survivors (2048K)
 Metaspace       used 83715K, capacity 88688K, committed 90912K, reserved 1128448K
  class space    used 11233K, capacity 12148K, committed 12620K, reserved 1048576K
}
Event: 4053.313 GC heap after
{Heap after GC invocations=262 (full 10):
 garbage-first heap   total 297984K, used 91709K [0x0000000700000000, 0x0000000700100918, 0x00000007c0000000)
  region size 1024K, 2 young (2048K), 2 survivors (2048K)
 Metaspace       used 83715K, capacity 88688K, committed 90912K, reserved 1128448K
  class space    used 11233K, capacity 12148K, committed 12620K, reserved 1048576K
}

